<?xml version="1.0" encoding="UTF-8"?>
<testsuite name="com.joejernst.exercises.FibonacciTests" tests="6" skipped="0" failures="0" errors="0" timestamp="2020-02-07T06:52:41" hostname="HPLaptop" time="0.013">
  <properties/>
  <testcase name="testReallyBigN" classname="com.joejernst.exercises.FibonacciTests" time="0.004"/>
  <testcase name="testKnownGoodValues" classname="com.joejernst.exercises.FibonacciTests" time="0.0"/>
  <testcase name="testLowerLimit" classname="com.joejernst.exercises.FibonacciTests" time="0.001"/>
  <testcase name="testNegativeNumber" classname="com.joejernst.exercises.FibonacciTests" time="0.0"/>
  <testcase name="testFirstTwoPositions" classname="com.joejernst.exercises.FibonacciTests" time="0.0"/>
  <testcase name="testUpperLimit" classname="com.joejernst.exercises.FibonacciTests" time="0.001"/>
  <system-out><![CDATA[]]></system-out>
  <system-err><![CDATA[]]></system-err>
</testsuite>
